<?xml version="1.0" encoding="UTF-8"?>
<!-- Generated by org.testng.reporters.JUnitXMLReporter -->
<testsuite ignored="0" hostname="DESKTOP-48DOCID" failures="0" tests="4" name="Test" time="23.876" errors="0" timestamp="2024-03-11T23:28:53 IST">
  <testcase classname="oss.quantum.quantumcorpbase" name="@BeforeClass setUp" time="23.69">
    <failure type="java.io.IOException" message="Your InputStream was neither an OLE2 stream, nor an OOXML stream or you haven&amp;apos;t provide the poi-ooxml*.jar in the classpath/modulepath - FileMagic: OOXML, having providers: [org.apache.poi.hssf.usermodel.HSSFWorkbookFactory@674658f7]">
      <![CDATA[java.io.IOException: Your InputStream was neither an OLE2 stream, nor an OOXML stream or you haven't provide the poi-ooxml*.jar in the classpath/modulepath - FileMagic: OOXML, having providers: [org.apache.poi.hssf.usermodel.HSSFWorkbookFactory@674658f7]
at org.apache.poi.ss.usermodel.WorkbookFactory.wp(WorkbookFactory.java:300)
at org.apache.poi.ss.usermodel.WorkbookFactory.create(WorkbookFactory.java:199)
at org.apache.poi.ss.usermodel.WorkbookFactory.create(WorkbookFactory.java:163)
at oss.quantum.quantumcorpbase.login(quantumcorpbase.java:49)
at oss.quantum.quantumcorpbase.setUp(quantumcorpbase.java:31)
at java.base/java.util.ArrayList.forEach(ArrayList.java:1511)
... Removed 23 stack frames]]>
    </failure>
  </testcase> <!-- @BeforeClass setUp -->
  <testcase classname="oss.quantum.quantumcorpbase" name="@AfterClass tearDown" time="-1.710179933415E9">
    <skipped/>
  </testcase> <!-- @AfterClass tearDown -->
  <testcase classname="oss.quantum.quantumcorp" name="bookAppointment" time="0.0">
    <skipped/>
  </testcase> <!-- bookAppointment -->
  <testcase classname="oss.quantum.quantumcorp" name="addPatient" time="0.0">
    <skipped/>
  </testcase> <!-- addPatient -->
  <testcase classname="oss.quantum.quantumcorp" name="scheduleAppointment" time="0.0">
    <skipped/>
  </testcase> <!-- scheduleAppointment -->
  <testcase classname="oss.quantum.quantumcorp" name="payment" time="0.0">
    <skipped/>
  </testcase> <!-- payment -->
</testsuite> <!-- Test -->
